<?xml version="1.0" encoding="UTF-8"?>
<testsuite name="FraudAlert" tests="4" skipped="0" failures="0" errors="0" timestamp="2026-02-18T03:00:27.127Z" hostname="Santiagos-MacBook-Pro.local" time="0.003">
  <properties/>
  <testcase name="stores risk score within valid range" classname="dev.samic.financial.payment.orchestrator.engine.domain.model.PaymentStatusTest$FraudAlertTest" time="0.0"/>
  <testcase name="accepts boundary values 0 and 100" classname="dev.samic.financial.payment.orchestrator.engine.domain.model.PaymentStatusTest$FraudAlertTest" time="0.0"/>
  <testcase name="rejects negative risk score" classname="dev.samic.financial.payment.orchestrator.engine.domain.model.PaymentStatusTest$FraudAlertTest" time="0.001"/>
  <testcase name="rejects risk score above 100" classname="dev.samic.financial.payment.orchestrator.engine.domain.model.PaymentStatusTest$FraudAlertTest" time="0.001"/>
  <system-out><![CDATA[]]></system-out>
  <system-err><![CDATA[]]></system-err>
</testsuite>
