<?xml version="1.0" encoding="UTF-8"?>
<testsuite name="Pending" tests="2" skipped="0" failures="0" errors="0" timestamp="2026-02-18T03:00:27.122Z" hostname="Santiagos-MacBook-Pro.local" time="0.002">
  <properties/>
  <testcase name="implements PaymentStatus" classname="dev.samic.financial.payment.orchestrator.engine.domain.model.PaymentStatusTest$PendingTest" time="0.0"/>
  <testcase name="two Pending instances are equal (no-arg record)" classname="dev.samic.financial.payment.orchestrator.engine.domain.model.PaymentStatusTest$PendingTest" time="0.002"/>
  <system-out><![CDATA[]]></system-out>
  <system-err><![CDATA[]]></system-err>
</testsuite>
