<?xml version="1.0" encoding="UTF-8"?>
<testsuite name="dev.samic.financial.payment.orchestrator.engine.domain.model.PaymentStatusTest" tests="1" skipped="0" failures="0" errors="0" timestamp="2026-02-18T03:00:27.119Z" hostname="Santiagos-MacBook-Pro.local" time="0.001">
  <properties/>
  <testcase name="pattern matching switch covers all cases" classname="dev.samic.financial.payment.orchestrator.engine.domain.model.PaymentStatusTest" time="0.001"/>
  <system-out><![CDATA[]]></system-out>
  <system-err><![CDATA[]]></system-err>
</testsuite>
