<?xml version="1.0" encoding="UTF-8"?>
<testsuite name="dev.samic.financial.payment.orchestrator.engine.domain.model.PaymentTest" tests="7" skipped="0" failures="0" errors="0" timestamp="2026-02-18T03:00:27.130Z" hostname="Santiagos-MacBook-Pro.local" time="0.005">
  <properties/>
  <testcase name="statusSummary uses pattern matching for each status" classname="dev.samic.financial.payment.orchestrator.engine.domain.model.PaymentTest" time="0.0"/>
  <testcase name="statusSummary for Approved includes auth code" classname="dev.samic.financial.payment.orchestrator.engine.domain.model.PaymentTest" time="0.0"/>
  <testcase name="rejects null payment ID" classname="dev.samic.financial.payment.orchestrator.engine.domain.model.PaymentTest" time="0.001"/>
  <testcase name="statusSummary for Rejected includes reason" classname="dev.samic.financial.payment.orchestrator.engine.domain.model.PaymentTest" time="0.0"/>
  <testcase name="withStatus creates a new instance without modifying the original" classname="dev.samic.financial.payment.orchestrator.engine.domain.model.PaymentTest" time="0.001"/>
  <testcase name="statusSummary for FraudAlert includes risk score" classname="dev.samic.financial.payment.orchestrator.engine.domain.model.PaymentTest" time="0.0"/>
  <testcase name="Money rejects negative amount" classname="dev.samic.financial.payment.orchestrator.engine.domain.model.PaymentTest" time="0.0"/>
  <system-out><![CDATA[]]></system-out>
  <system-err><![CDATA[]]></system-err>
</testsuite>
