<?xml version="1.0" encoding="UTF-8"?>
<testsuite name="Approved" tests="4" skipped="0" failures="0" errors="0" timestamp="2026-02-18T03:00:27.124Z" hostname="Santiagos-MacBook-Pro.local" time="0.002">
  <properties/>
  <testcase name="rejects blank authorization code" classname="dev.samic.financial.payment.orchestrator.engine.domain.model.PaymentStatusTest$ApprovedTest" time="0.001"/>
  <testcase name="stores authorization code and date" classname="dev.samic.financial.payment.orchestrator.engine.domain.model.PaymentStatusTest$ApprovedTest" time="0.0"/>
  <testcase name="rejects null authorization code" classname="dev.samic.financial.payment.orchestrator.engine.domain.model.PaymentStatusTest$ApprovedTest" time="0.001"/>
  <testcase name="rejects null date" classname="dev.samic.financial.payment.orchestrator.engine.domain.model.PaymentStatusTest$ApprovedTest" time="0.0"/>
  <system-out><![CDATA[]]></system-out>
  <system-err><![CDATA[]]></system-err>
</testsuite>
