<?xml version="1.0" encoding="UTF-8"?>
<testsuite name="dev.samic.financial.payment.orchestrator.engine.PaymentOrchestratorEngineApplicationTests" tests="1" skipped="0" failures="0" errors="0" timestamp="2026-02-18T03:00:26.548Z" hostname="Santiagos-MacBook-Pro.local" time="0.014">
  <properties/>
  <testcase name="mainClassExists()" classname="dev.samic.financial.payment.orchestrator.engine.PaymentOrchestratorEngineApplicationTests" time="0.008"/>
  <system-out><![CDATA[]]></system-out>
  <system-err><![CDATA[]]></system-err>
</testsuite>
